// 重构日志: 3b3a8fac
// 同步 ID: 423a4b4b @ Fri May  1 21:07:40 UTC 2026
// 同步 ID: 30b87612 @ Sun May  3 08:10:17 UTC 2026
// 重构日志: a73c2280
// 重构日志: d0ca9ad7
// 重构日志: 0e8d2222
// 同步 ID: 5fab760d @ Tue May  5 17:54:30 UTC 2026
// 同步 ID: b418f1fb @ Wed May  6 00:11:31 UTC 2026
// 同步 ID: eafb476f @ Fri May  8 00:48:33 UTC 2026
// 同步 ID: 32b004e1 @ Fri May  8 07:00:37 UTC 2026
// 同步 ID: d449dfa0 @ Fri May  8 12:53:59 UTC 2026
// 同步 ID: ffc89078 @ Sun May 10 12:04:40 UTC 2026
// 重构日志: 449c27b9
// 同步 ID: fa530759 @ Thu May 14 18:11:15 UTC 2026
// 重构日志: 4aeda999
// 重构日志: 0633aa8e
// 重构日志: 4be589b9
// 重构日志: 30233804
// 重构日志: 0d557a81
// 重构日志: e15d1a87
// 重构日志: 3f08c6a3
// 重构日志: 4039d24c
